[     299ms] [INFO] %cDownload the React DevTools for a better development experience: https://react.dev/link/react-devtools font-weight:bold @ http://localhost:3000/_next/static/chunks/node_modules_next_dist_115brz8._.js:2431
[     359ms] [LOG] [HMR] connected @ http://localhost:3000/_next/static/chunks/node_modules_next_dist_115brz8._.js:2431
[     491ms] [LOG] [Fast Refresh] rebuilding @ http://localhost:3000/_next/static/chunks/node_modules_next_dist_115brz8._.js:2431
[     507ms] [LOG] [Fast Refresh] done in 117ms @ http://localhost:3000/_next/static/chunks/node_modules_next_dist_115brz8._.js:2431
[   15607ms] [WARNING] Image with src "https://welucci.com/wp-content/uploads/2026/01/Capa-principal-Home_11zon-scaled.jpg" was detected as the Largest Contentful Paint (LCP). Please add the `loading="eager"` property if this image is above the fold.
Read more: https://nextjs.org/docs/app/api-reference/components/image#loading @ http://localhost:3000/_next/static/chunks/node_modules_next_dist_115brz8._.js:2431
[  205354ms] [LOG] [Fast Refresh] rebuilding @ http://localhost:3000/_next/static/chunks/node_modules_next_dist_115brz8._.js:2431
[  207434ms] [LOG] [Fast Refresh] done in 2181ms @ http://localhost:3000/_next/static/chunks/node_modules_next_dist_115brz8._.js:2431
[  260962ms] [ERROR] WebSocket connection to 'ws://localhost:3000/_next/webpack-hmr?id=2HtThIGQrTPlKDZDzQN5x' failed: Error in connection establishment: net::ERR_CONNECTION_REFUSED @ http://localhost:3000/_next/static/chunks/node_modules_next_dist_client_0fhqo1d._.js:13299
[  261502ms] [ERROR] Failed to load resource: net::ERR_CONNECTION_REFUSED @ http://localhost:3000/api/onboarding-step:0
[  261502ms] [ERROR] [comece] erro: TypeError: Failed to fetch
    at ComecePage.useCallback[sendMessage] (http://localhost:3000/_next/static/chunks/src_0.0s4h5._.js:380:21)
    at handleSubmit (http://localhost:3000/_next/static/chunks/src_0.0s4h5._.js:466:9)
    at onKeyDown (http://localhost:3000/_next/static/chunks/src_0.0s4h5._.js:647:37)
    at executeDispatch (http://localhost:3000/_next/static/chunks/node_modules_next_dist_compiled_react-dom_058-ah~._.js:10329:13)
    at runWithFiberInDEV (http://localhost:3000/_next/static/chunks/node_modules_next_dist_compiled_react-dom_058-ah~._.js:965:74)
    at processDispatchQueue (http://localhost:3000/_next/static/chunks/node_modules_next_dist_compiled_react-dom_058-ah~._.js:10355:41)
    at http://localhost:3000/_next/static/chunks/node_modules_next_dist_compiled_react-dom_058-ah~._.js:10633:13
    at batchedUpdates$1 (http://localhost:3000/_next/static/chunks/node_modules_next_dist_compiled_react-dom_058-ah~._.js:2253:44)
    at dispatchEventForPluginEventSystem (http://localhost:3000/_next/static/chunks/node_modules_next_dist_compiled_react-dom_058-ah~._.js:10431:9)
    at dispatchEvent (http://localhost:3000/_next/static/chunks/node_modules_next_dist_compiled_react-dom_058-ah~._.js:13002:37)
    at dispatchDiscreteEvent (http://localhost:3000/_next/static/chunks/node_modules_next_dist_compiled_react-dom_058-ah~._.js:12984:64) @ http://localhost:3000/_next/static/chunks/node_modules_next_dist_115brz8._.js:3272
[  261515ms] [ERROR] WebSocket is already in CLOSING or CLOSED state. @ http://localhost:3000/_next/static/chunks/node_modules_next_dist_115brz8._.js:2790
[  261521ms] [ERROR] Failed to load resource: net::ERR_CONNECTION_REFUSED @ http://localhost:3000/__nextjs_original-stack-frames:0
[  261964ms] [ERROR] WebSocket connection to 'ws://localhost:3000/_next/webpack-hmr?id=2HtThIGQrTPlKDZDzQN5x' failed: Error in connection establishment: net::ERR_CONNECTION_REFUSED @ http://localhost:3000/_next/static/chunks/node_modules_next_dist_client_0fhqo1d._.js:13299
[  262969ms] [ERROR] WebSocket connection to 'ws://localhost:3000/_next/webpack-hmr?id=2HtThIGQrTPlKDZDzQN5x' failed: Error in connection establishment: net::ERR_CONNECTION_REFUSED @ http://localhost:3000/_next/static/chunks/node_modules_next_dist_client_0fhqo1d._.js:13299
[  263972ms] [ERROR] WebSocket connection to 'ws://localhost:3000/_next/webpack-hmr?id=2HtThIGQrTPlKDZDzQN5x' failed: Error in connection establishment: net::ERR_CONNECTION_REFUSED @ http://localhost:3000/_next/static/chunks/node_modules_next_dist_client_0fhqo1d._.js:13299
[  264977ms] [ERROR] WebSocket connection to 'ws://localhost:3000/_next/webpack-hmr?id=2HtThIGQrTPlKDZDzQN5x' failed: Error in connection establishment: net::ERR_CONNECTION_REFUSED @ http://localhost:3000/_next/static/chunks/node_modules_next_dist_client_0fhqo1d._.js:13299
[  269981ms] [ERROR] WebSocket connection to 'ws://localhost:3000/_next/webpack-hmr?id=2HtThIGQrTPlKDZDzQN5x' failed: Error in connection establishment: net::ERR_CONNECTION_REFUSED @ http://localhost:3000/_next/static/chunks/node_modules_next_dist_client_0fhqo1d._.js:13299
[  274995ms] [ERROR] WebSocket connection to 'ws://localhost:3000/_next/webpack-hmr?id=2HtThIGQrTPlKDZDzQN5x' failed: Error in connection establishment: net::ERR_CONNECTION_REFUSED @ http://localhost:3000/_next/static/chunks/node_modules_next_dist_client_0fhqo1d._.js:13299
[  280013ms] [ERROR] WebSocket connection to 'ws://localhost:3000/_next/webpack-hmr?id=2HtThIGQrTPlKDZDzQN5x' failed: Error in connection establishment: net::ERR_CONNECTION_REFUSED @ http://localhost:3000/_next/static/chunks/node_modules_next_dist_client_0fhqo1d._.js:13299
[  285030ms] [ERROR] WebSocket connection to 'ws://localhost:3000/_next/webpack-hmr?id=2HtThIGQrTPlKDZDzQN5x' failed: Error in connection establishment: net::ERR_CONNECTION_REFUSED @ http://localhost:3000/_next/static/chunks/node_modules_next_dist_client_0fhqo1d._.js:13299
[  290061ms] [ERROR] WebSocket connection to 'ws://localhost:3000/_next/webpack-hmr?id=2HtThIGQrTPlKDZDzQN5x' failed: Error in connection establishment: net::ERR_CONNECTION_REFUSED @ http://localhost:3000/_next/static/chunks/node_modules_next_dist_client_0fhqo1d._.js:13299
[  295213ms] [ERROR] WebSocket connection to 'ws://localhost:3000/_next/webpack-hmr?id=2HtThIGQrTPlKDZDzQN5x' failed: Error in connection establishment: net::ERR_CONNECTION_REFUSED @ http://localhost:3000/_next/static/chunks/node_modules_next_dist_client_0fhqo1d._.js:13299
[  300295ms] [LOG] [HMR] connected @ http://localhost:3000/_next/static/chunks/node_modules_next_dist_115brz8._.js:2431
[  300875ms] [INFO] %cDownload the React DevTools for a better development experience: https://react.dev/link/react-devtools font-weight:bold @ http://localhost:3000/_next/static/chunks/node_modules_next_dist_115brz8._.js:2431
[  300901ms] [LOG] [HMR] connected @ http://localhost:3000/_next/static/chunks/node_modules_next_dist_115brz8._.js:2431
