[      90ms] [INFO] %cDownload the React DevTools for a better development experience: https://react.dev/link/react-devtools font-weight:bold @ http://localhost:3000/_next/static/chunks/node_modules_next_dist_115brz8._.js:2431
[     101ms] [LOG] [HMR] connected @ http://localhost:3000/_next/static/chunks/node_modules_next_dist_115brz8._.js:2431
[   46205ms] [LOG] [Fast Refresh] rebuilding @ http://localhost:3000/_next/static/chunks/node_modules_next_dist_115brz8._.js:2431
[   46336ms] [LOG] [Fast Refresh] done in 231ms @ http://localhost:3000/_next/static/chunks/node_modules_next_dist_115brz8._.js:2431
[   46835ms] [LOG] [Fast Refresh] rebuilding @ http://localhost:3000/_next/static/chunks/node_modules_next_dist_115brz8._.js:2431
[   46845ms] [LOG] [Fast Refresh] done in 112ms @ http://localhost:3000/_next/static/chunks/node_modules_next_dist_115brz8._.js:2431
[   59777ms] [LOG] [Fast Refresh] rebuilding @ http://localhost:3000/_next/static/chunks/node_modules_next_dist_115brz8._.js:2431
[   59950ms] [LOG] [Fast Refresh] done in 273ms @ http://localhost:3000/_next/static/chunks/node_modules_next_dist_115brz8._.js:2431
[   71841ms] [ERROR] WebSocket connection to 'ws://localhost:3000/_next/webpack-hmr?id=hQhN5vMP06FsAbAu3jdM4' failed: Error in connection establishment: net::ERR_CONNECTION_REFUSED @ http://localhost:3000/_next/static/chunks/node_modules_next_dist_client_0fhqo1d._.js:13299
[   72844ms] [ERROR] WebSocket connection to 'ws://localhost:3000/_next/webpack-hmr?id=hQhN5vMP06FsAbAu3jdM4' failed: Error in connection establishment: net::ERR_CONNECTION_REFUSED @ http://localhost:3000/_next/static/chunks/node_modules_next_dist_client_0fhqo1d._.js:13299
[   73848ms] [ERROR] WebSocket connection to 'ws://localhost:3000/_next/webpack-hmr?id=hQhN5vMP06FsAbAu3jdM4' failed: Error in connection establishment: net::ERR_CONNECTION_REFUSED @ http://localhost:3000/_next/static/chunks/node_modules_next_dist_client_0fhqo1d._.js:13299
[   74850ms] [ERROR] WebSocket connection to 'ws://localhost:3000/_next/webpack-hmr?id=hQhN5vMP06FsAbAu3jdM4' failed: Error in connection establishment: net::ERR_CONNECTION_REFUSED @ http://localhost:3000/_next/static/chunks/node_modules_next_dist_client_0fhqo1d._.js:13299
[   75852ms] [ERROR] WebSocket connection to 'ws://localhost:3000/_next/webpack-hmr?id=hQhN5vMP06FsAbAu3jdM4' failed: Error in connection establishment: net::ERR_CONNECTION_REFUSED @ http://localhost:3000/_next/static/chunks/node_modules_next_dist_client_0fhqo1d._.js:13299
[   80854ms] [ERROR] WebSocket connection to 'ws://localhost:3000/_next/webpack-hmr?id=hQhN5vMP06FsAbAu3jdM4' failed: Error in connection establishment: net::ERR_CONNECTION_REFUSED @ http://localhost:3000/_next/static/chunks/node_modules_next_dist_client_0fhqo1d._.js:13299
[   85858ms] [ERROR] WebSocket connection to 'ws://localhost:3000/_next/webpack-hmr?id=hQhN5vMP06FsAbAu3jdM4' failed: Error in connection establishment: net::ERR_CONNECTION_REFUSED @ http://localhost:3000/_next/static/chunks/node_modules_next_dist_client_0fhqo1d._.js:13299
[   90871ms] [LOG] [HMR] connected @ http://localhost:3000/_next/static/chunks/node_modules_next_dist_115brz8._.js:2431
[   94404ms] [INFO] %cDownload the React DevTools for a better development experience: https://react.dev/link/react-devtools font-weight:bold @ http://localhost:3000/_next/static/chunks/node_modules_next_dist_115brz8._.js:2431
[   94481ms] [LOG] [HMR] connected @ http://localhost:3000/_next/static/chunks/node_modules_next_dist_115brz8._.js:2431
[  119505ms] [ERROR] WebSocket connection to 'ws://localhost:3000/_next/webpack-hmr?id=aoIenXQc-LZp54eIngX9Q' failed: Error in connection establishment: net::ERR_CONNECTION_REFUSED @ http://localhost:3000/_next/static/chunks/node_modules_next_dist_client_0fhqo1d._.js:13299
[  120512ms] [ERROR] WebSocket connection to 'ws://localhost:3000/_next/webpack-hmr?id=aoIenXQc-LZp54eIngX9Q' failed: Error in connection establishment: net::ERR_CONNECTION_REFUSED @ http://localhost:3000/_next/static/chunks/node_modules_next_dist_client_0fhqo1d._.js:13299
[  121516ms] [ERROR] WebSocket connection to 'ws://localhost:3000/_next/webpack-hmr?id=aoIenXQc-LZp54eIngX9Q' failed: Error in connection establishment: net::ERR_CONNECTION_REFUSED @ http://localhost:3000/_next/static/chunks/node_modules_next_dist_client_0fhqo1d._.js:13299
[  122521ms] [ERROR] WebSocket connection to 'ws://localhost:3000/_next/webpack-hmr?id=aoIenXQc-LZp54eIngX9Q' failed: Error in connection establishment: net::ERR_CONNECTION_REFUSED @ http://localhost:3000/_next/static/chunks/node_modules_next_dist_client_0fhqo1d._.js:13299
[  123526ms] [ERROR] WebSocket connection to 'ws://localhost:3000/_next/webpack-hmr?id=aoIenXQc-LZp54eIngX9Q' failed: Error in connection establishment: net::ERR_CONNECTION_REFUSED @ http://localhost:3000/_next/static/chunks/node_modules_next_dist_client_0fhqo1d._.js:13299
[  128532ms] [ERROR] WebSocket connection to 'ws://localhost:3000/_next/webpack-hmr?id=aoIenXQc-LZp54eIngX9Q' failed: Error in connection establishment: net::ERR_CONNECTION_REFUSED @ http://localhost:3000/_next/static/chunks/node_modules_next_dist_client_0fhqo1d._.js:13299
[  133539ms] [ERROR] WebSocket connection to 'ws://localhost:3000/_next/webpack-hmr?id=aoIenXQc-LZp54eIngX9Q' failed: Error in connection establishment: net::ERR_CONNECTION_REFUSED @ http://localhost:3000/_next/static/chunks/node_modules_next_dist_client_0fhqo1d._.js:13299
[  138548ms] [ERROR] WebSocket connection to 'ws://localhost:3000/_next/webpack-hmr?id=aoIenXQc-LZp54eIngX9Q' failed: Error in connection establishment: net::ERR_CONNECTION_REFUSED @ http://localhost:3000/_next/static/chunks/node_modules_next_dist_client_0fhqo1d._.js:13299
[  143554ms] [ERROR] WebSocket connection to 'ws://localhost:3000/_next/webpack-hmr?id=aoIenXQc-LZp54eIngX9Q' failed: Error in connection establishment: net::ERR_CONNECTION_REFUSED @ http://localhost:3000/_next/static/chunks/node_modules_next_dist_client_0fhqo1d._.js:13299
[  148559ms] [ERROR] WebSocket connection to 'ws://localhost:3000/_next/webpack-hmr?id=aoIenXQc-LZp54eIngX9Q' failed: Error in connection establishment: net::ERR_CONNECTION_REFUSED @ http://localhost:3000/_next/static/chunks/node_modules_next_dist_client_0fhqo1d._.js:13299
[  153563ms] [ERROR] WebSocket connection to 'ws://localhost:3000/_next/webpack-hmr?id=aoIenXQc-LZp54eIngX9Q' failed: Error in connection establishment: net::ERR_CONNECTION_REFUSED @ http://localhost:3000/_next/static/chunks/node_modules_next_dist_client_0fhqo1d._.js:13299
[  158572ms] [ERROR] WebSocket connection to 'ws://localhost:3000/_next/webpack-hmr?id=aoIenXQc-LZp54eIngX9Q' failed: Error in connection establishment: net::ERR_CONNECTION_REFUSED @ http://localhost:3000/_next/static/chunks/node_modules_next_dist_client_0fhqo1d._.js:13299
